2018-06-07 07:08:45,265  launchCapture 43 Acrawler DEBUG:  1
2018-06-07 07:08:45,583  acrawler 89 Acrawler ERROR:  chunk is None ,sock will close!<socket.socket fd=520, family=AddressFamily.AF_INET, type=SocketKind.SOCK_STREAM, proto=0, laddr=('192.168.1.106', 54621), raddr=('211.147.1.202', 80)>
2018-06-07 07:08:45,584  launchCapture 22 Acrawler DEBUG:  analysis result set()
2018-06-07 07:09:41,790  acrawler 89 Acrawler ERROR:  chunk is None ,sock will close!<socket.socket fd=416, family=AddressFamily.AF_INET, type=SocketKind.SOCK_STREAM, proto=0, laddr=('192.168.1.106', 54717), raddr=('211.161.84.163', 80)>
2018-06-07 07:09:41,907  filedownload 33 Acrawler DEBUG:  start download page： http://c.youdao.com//shared.ydstatic.com/js/zepto/1.1.6.js
2018-06-07 07:09:41,920  filedownload 33 Acrawler DEBUG:  start download page： http://c.youdao.com//shared.ydstatic.com/js/ydk/ydk-1.4.4-min.js
2018-06-07 07:09:41,929  filedownload 33 Acrawler DEBUG:  start download page： http://shared.ydstatic.com/js/console/1.1.0.js
2018-06-07 07:09:41,935  filedownload 33 Acrawler DEBUG:  start download page： http://c.youdao.comindex.js
2018-06-07 07:09:41,943  filedownload 33 Acrawler DEBUG:  start download page： http://shared.ydstatic.com/js/rlog/v1.js
2018-06-07 07:09:42,191  filedownload 36 Acrawler WARNING:  url not download http://c.youdao.com//shared.ydstatic.com/js/zepto/1.1.6.js
2018-06-07 07:09:42,200  filedownload 36 Acrawler WARNING:  url not download http://c.youdao.com//shared.ydstatic.com/js/ydk/ydk-1.4.4-min.js
2018-06-07 07:10:03,165  filedownload 41 Acrawler ERROR:  url open failed 'http://c.youdao.comindex.js'
2018-06-07 07:10:03,166  setting 23 Acrawler ERROR:  [WinError 10060] 由于连接方在一段时间后没有正确答复或连接的主机没有反应，连接尝试失败。
2018-06-07 07:10:03,176  setting 26 Acrawler ERROR:  line: 34 file: C:\Users\belief\Desktop\Mr.S\GitHub\Infinity_crawler\filedownload.py ExceptName: URLError dictMessage: {'reason': TimeoutError(10060, '由于连接方在一段时间后没有正确答复或连接的主机没有反应，连接尝试失败。', None, 10060, None)}
2018-06-07 07:14:02,110  acrawler 89 Acrawler ERROR:  chunk is None ,sock will close!<socket.socket fd=536, family=AddressFamily.AF_INET, type=SocketKind.SOCK_STREAM, proto=0, laddr=('192.168.1.106', 55208), raddr=('211.161.84.163', 80)>
2018-06-07 07:14:02,114  acrawler 192 Acrawler DEBUG:  page href link,will download://shared.ydstatic.com/js/zepto/1.1.6.js
2018-06-07 07:14:02,119  filedownload 33 Acrawler DEBUG:  start download page： http://c.youdao.com//shared.ydstatic.com/js/zepto/1.1.6.js
2018-06-07 07:14:02,120  acrawler 192 Acrawler DEBUG:  page href link,will download://shared.ydstatic.com/js/ydk/ydk-1.4.4-min.js
2018-06-07 07:14:02,129  filedownload 33 Acrawler DEBUG:  start download page： http://c.youdao.com//shared.ydstatic.com/js/ydk/ydk-1.4.4-min.js
2018-06-07 07:14:02,129  acrawler 192 Acrawler DEBUG:  page href link,will download:http://shared.ydstatic.com/js/console/1.1.0.js
2018-06-07 07:14:02,134  filedownload 33 Acrawler DEBUG:  start download page： http://shared.ydstatic.com/js/console/1.1.0.js
2018-06-07 07:14:02,135  acrawler 192 Acrawler DEBUG:  page href link,will download:index.js
2018-06-07 07:14:02,138  filedownload 33 Acrawler DEBUG:  start download page： http://c.youdao.comindex.js
2018-06-07 07:14:02,139  acrawler 192 Acrawler DEBUG:  page href link,will download:http://shared.ydstatic.com/js/rlog/v1.js
2018-06-07 07:14:02,149  filedownload 33 Acrawler DEBUG:  start download page： http://shared.ydstatic.com/js/rlog/v1.js
2018-06-07 07:14:02,334  filedownload 36 Acrawler WARNING:  url not download http://c.youdao.com//shared.ydstatic.com/js/zepto/1.1.6.js
2018-06-07 07:14:02,394  filedownload 36 Acrawler WARNING:  url not download http://c.youdao.com//shared.ydstatic.com/js/ydk/ydk-1.4.4-min.js
2018-06-07 07:14:23,241  filedownload 41 Acrawler ERROR:  url open failed 'http://c.youdao.comindex.js'
2018-06-07 07:14:23,241  setting 23 Acrawler ERROR:  [WinError 10060] 由于连接方在一段时间后没有正确答复或连接的主机没有反应，连接尝试失败。
2018-06-07 07:14:23,242  setting 26 Acrawler ERROR:  line: 34 file: C:\Users\belief\Desktop\Mr.S\GitHub\Infinity_crawler\filedownload.py ExceptName: URLError dictMessage: {'reason': TimeoutError(10060, '由于连接方在一段时间后没有正确答复或连接的主机没有反应，连接尝试失败。', None, 10060, None)}
2018-06-07 07:17:17,726  acrawler 54 Acrawler DEBUG:  ('c.youdao.com', 80)
2018-06-07 07:17:17,755  acrawler 89 Acrawler ERROR:  chunk is None ,sock will close!<socket.socket fd=460, family=AddressFamily.AF_INET, type=SocketKind.SOCK_STREAM, proto=0, laddr=('192.168.1.106', 55327), raddr=('211.161.84.163', 80)>
2018-06-07 07:17:17,757  acrawler 192 Acrawler DEBUG:  page href link,will download://shared.ydstatic.com/js/zepto/1.1.6.js
2018-06-07 07:17:17,758  filedownload 33 Acrawler DEBUG:  start download page： http://c.youdao.com//shared.ydstatic.com/js/zepto/1.1.6.js
2018-06-07 07:17:17,758  acrawler 192 Acrawler DEBUG:  page href link,will download://shared.ydstatic.com/js/ydk/ydk-1.4.4-min.js
2018-06-07 07:17:17,763  filedownload 33 Acrawler DEBUG:  start download page： http://c.youdao.com//shared.ydstatic.com/js/ydk/ydk-1.4.4-min.js
2018-06-07 07:17:17,763  acrawler 192 Acrawler DEBUG:  page href link,will download:http://shared.ydstatic.com/js/console/1.1.0.js
2018-06-07 07:17:17,766  filedownload 33 Acrawler DEBUG:  start download page： http://shared.ydstatic.com/js/console/1.1.0.js
2018-06-07 07:17:17,766  acrawler 192 Acrawler DEBUG:  page href link,will download:index.js
2018-06-07 07:17:17,769  filedownload 33 Acrawler DEBUG:  start download page： http://c.youdao.comindex.js
2018-06-07 07:17:17,769  acrawler 192 Acrawler DEBUG:  page href link,will download:http://shared.ydstatic.com/js/rlog/v1.js
2018-06-07 07:17:17,776  filedownload 33 Acrawler DEBUG:  start download page： http://shared.ydstatic.com/js/rlog/v1.js
2018-06-07 07:17:17,970  filedownload 36 Acrawler WARNING:  url not download http://c.youdao.com//shared.ydstatic.com/js/zepto/1.1.6.js
2018-06-07 07:17:17,974  filedownload 36 Acrawler WARNING:  url not download http://c.youdao.com//shared.ydstatic.com/js/ydk/ydk-1.4.4-min.js
2018-06-07 07:17:38,795  filedownload 41 Acrawler ERROR:  url open failed 'http://c.youdao.comindex.js'
2018-06-07 07:17:38,796  setting 23 Acrawler ERROR:  [WinError 10060] 由于连接方在一段时间后没有正确答复或连接的主机没有反应，连接尝试失败。
2018-06-07 07:17:38,797  setting 26 Acrawler ERROR:  line: 34 file: C:\Users\belief\Desktop\Mr.S\GitHub\Infinity_crawler\filedownload.py ExceptName: URLError dictMessage: {'reason': TimeoutError(10060, '由于连接方在一段时间后没有正确答复或连接的主机没有反应，连接尝试失败。', None, 10060, None)}
2018-06-07 07:22:34,303  acrawler 54 Acrawler DEBUG:  ('c.youdao.com', 80)
2018-06-07 07:22:34,375  acrawler 89 Acrawler ERROR:  chunk is None ,sock will close!<socket.socket fd=436, family=AddressFamily.AF_INET, type=SocketKind.SOCK_STREAM, proto=0, laddr=('192.168.1.106', 55575), raddr=('211.161.83.41', 80)>
2018-06-07 07:22:34,376  acrawler 90 Acrawler ERROR:  failed page content ,url is 'http://c.youdao.com/dict/activity/pronPrefTest/index.html?keyfrom=dict2.index'
2018-06-07 07:22:34,378  acrawler 193 Acrawler DEBUG:  page href link,will download://shared.ydstatic.com/js/zepto/1.1.6.js
2018-06-07 07:22:34,381  filedownload 33 Acrawler DEBUG:  start download page： http://c.youdao.com//shared.ydstatic.com/js/zepto/1.1.6.js
2018-06-07 07:22:34,381  acrawler 193 Acrawler DEBUG:  page href link,will download://shared.ydstatic.com/js/ydk/ydk-1.4.4-min.js
2018-06-07 07:22:34,388  filedownload 33 Acrawler DEBUG:  start download page： http://c.youdao.com//shared.ydstatic.com/js/ydk/ydk-1.4.4-min.js
2018-06-07 07:22:34,388  acrawler 193 Acrawler DEBUG:  page href link,will download:http://shared.ydstatic.com/js/console/1.1.0.js
2018-06-07 07:22:34,392  filedownload 33 Acrawler DEBUG:  start download page： http://shared.ydstatic.com/js/console/1.1.0.js
2018-06-07 07:22:34,393  acrawler 193 Acrawler DEBUG:  page href link,will download:index.js
2018-06-07 07:22:34,401  filedownload 33 Acrawler DEBUG:  start download page： http://c.youdao.comindex.js
2018-06-07 07:22:34,402  acrawler 193 Acrawler DEBUG:  page href link,will download:http://shared.ydstatic.com/js/rlog/v1.js
2018-06-07 07:22:34,404  filedownload 33 Acrawler DEBUG:  start download page： http://shared.ydstatic.com/js/rlog/v1.js
2018-06-07 07:22:34,564  filedownload 36 Acrawler WARNING:  url not download http://c.youdao.com//shared.ydstatic.com/js/zepto/1.1.6.js
2018-06-07 07:22:34,607  filedownload 36 Acrawler WARNING:  url not download http://c.youdao.com//shared.ydstatic.com/js/ydk/ydk-1.4.4-min.js
2018-06-07 07:22:55,463  filedownload 41 Acrawler ERROR:  url open failed 'http://c.youdao.comindex.js'
2018-06-07 07:22:55,464  setting 23 Acrawler ERROR:  [WinError 10060] 由于连接方在一段时间后没有正确答复或连接的主机没有反应，连接尝试失败。
2018-06-07 07:22:55,464  setting 26 Acrawler ERROR:  line: 34 file: C:\Users\belief\Desktop\Mr.S\GitHub\Infinity_crawler\filedownload.py ExceptName: URLError dictMessage: {'reason': TimeoutError(10060, '由于连接方在一段时间后没有正确答复或连接的主机没有反应，连接尝试失败。', None, 10060, None)}
2018-06-07 07:29:43,186  acrawler 54 Acrawler DEBUG:  ('c.youdao.com', 80)
2018-06-07 07:29:43,376  acrawler 90 Acrawler DEBUG:  page download complete! url:'http://c.youdao.com/dict/activity/pronPrefTest/index.html?keyfrom=dict2.index'
2018-06-07 07:29:43,379  acrawler 196 Acrawler DEBUG:  page href link,will download://shared.ydstatic.com/js/zepto/1.1.6.js
2018-06-07 07:29:43,382  filedownload 33 Acrawler DEBUG:  start download page： http://c.youdao.com//shared.ydstatic.com/js/zepto/1.1.6.js
2018-06-07 07:29:43,383  acrawler 196 Acrawler DEBUG:  page href link,will download://shared.ydstatic.com/js/ydk/ydk-1.4.4-min.js
2018-06-07 07:29:43,391  filedownload 33 Acrawler DEBUG:  start download page： http://c.youdao.com//shared.ydstatic.com/js/ydk/ydk-1.4.4-min.js
2018-06-07 07:29:43,392  acrawler 196 Acrawler DEBUG:  page href link,will download:http://shared.ydstatic.com/js/console/1.1.0.js
2018-06-07 07:29:43,397  filedownload 33 Acrawler DEBUG:  start download page： http://shared.ydstatic.com/js/console/1.1.0.js
2018-06-07 07:29:43,398  acrawler 196 Acrawler DEBUG:  page href link,will download:index.js
2018-06-07 07:29:43,403  filedownload 33 Acrawler DEBUG:  start download page： http://c.youdao.comindex.js
2018-06-07 07:29:43,404  acrawler 196 Acrawler DEBUG:  page href link,will download:http://shared.ydstatic.com/js/rlog/v1.js
2018-06-07 07:29:43,418  filedownload 33 Acrawler DEBUG:  start download page： http://shared.ydstatic.com/js/rlog/v1.js
2018-06-07 07:29:43,566  filedownload 36 Acrawler WARNING:  url not download http://c.youdao.com//shared.ydstatic.com/js/zepto/1.1.6.js
2018-06-07 07:29:43,597  filedownload 36 Acrawler WARNING:  url not download http://c.youdao.com//shared.ydstatic.com/js/ydk/ydk-1.4.4-min.js
2018-06-07 07:30:04,444  filedownload 41 Acrawler ERROR:  url open failed 'http://c.youdao.comindex.js'
2018-06-07 07:30:04,445  setting 23 Acrawler ERROR:  [WinError 10060] 由于连接方在一段时间后没有正确答复或连接的主机没有反应，连接尝试失败。
2018-06-07 07:30:04,445  setting 26 Acrawler ERROR:  line: 34 file: C:\Users\belief\Desktop\Mr.S\GitHub\Infinity_crawler\filedownload.py ExceptName: URLError dictMessage: {'reason': TimeoutError(10060, '由于连接方在一段时间后没有正确答复或连接的主机没有反应，连接尝试失败。', None, 10060, None)}
